C51 COMPILER V9.01   MAIN                                                                  10/27/2021 18:08:01 PAGE 1   


C51 COMPILER V9.01, COMPILATION OF MODULE MAIN
OBJECT MODULE PLACED IN main.OBJ
COMPILER INVOKED BY: F:\Program Files (x86)\Keil\C51\BIN\C51.EXE main.c BROWSE DEBUG OBJECTEXTEND

line level    source

   1          #include <REGX52.H>
   2          
   3          unsigned char L7SEG[11]= {0xC0,0xF9,0xA4,0xB0,0x99,0x92,0x82,0xF8,0x80,0x90};
   4          void delay (unsigned int time){
   5   1      while (time--)    ;
   6   1      }
   7          void tang1 () {
   8   1          unsigned char i;
   9   1          for (i = 0; i < 10; i++)
  10   1          {
  11   2              P2= L7SEG[i]  ;
  12   2              delay(50000);
  13   2          }
  14   1      }
  15          void giam1()
  16          {      
  17   1       unsigned char i;
  18   1       for(i = 9; i >0; i--){
  19   2       P2 = L7SEG[i];
  20   2       delay(50000);
  21   2      }
  22   1      }
  23          int main (){
  24   1      while(1){
  25   2      tang1();
  26   2      //giam1();
  27   2      }
  28   1      return 0;
  29   1      }


MODULE INFORMATION:   STATIC OVERLAYABLE
   CODE SIZE        =     45    ----
   CONSTANT SIZE    =   ----    ----
   XDATA SIZE       =   ----    ----
   PDATA SIZE       =   ----    ----
   DATA SIZE        =     11    ----
   IDATA SIZE       =   ----    ----
   BIT SIZE         =   ----    ----
END OF MODULE INFORMATION.


C51 COMPILATION COMPLETE.  0 WARNING(S),  0 ERROR(S)
